  MLPTEST.cpp
c:\인공지능\8주차mlp\mlp.h(2): error C4430: 형식 지정자가 없습니다. int로 가정합니다. 참고: C++에서는 기본 int를 지원하지 않습니다.
c:\인공지능\8주차mlp\mlp.h(3): error C2588: '::~CMLP': 잘못된 전역 소멸자입니다.
c:\인공지능\8주차mlp\mlp.h(3): error C4430: 형식 지정자가 없습니다. int로 가정합니다. 참고: C++에서는 기본 int를 지원하지 않습니다.
c:\인공지능\8주차mlp\mlp.h(8): error C2065: 'MAXLAYER': 선언되지 않은 식별자입니다.
c:\인공지능\8주차mlp\mlp.h(9): error C2065: 'MAXLAYER': 선언되지 않은 식별자입니다.
c:\인공지능\8주차mlp\mlp.h(19): error C2059: 구문 오류: 'private'
c:\인공지능\8주차mlp\mlp.h(22): error C2059: 구문 오류: 'public'
c:\인공지능\8주차mlp\mlp.h(27): error C2059: 구문 오류: '}'
c:\인공지능\8주차mlp\mlp.h(27): error C2143: 구문 오류: ';'이(가) '}' 앞에 없습니다.
c:\인공지능\8주차mlp\mlptest.cpp(4): error C4430: 형식 지정자가 없습니다. int로 가정합니다. 참고: C++에서는 기본 int를 지원하지 않습니다.
c:\인공지능\8주차mlp\mlptest.cpp(4): error C2365: 'CMLP': 재정의: 이전 정의는 '함수'입니다.
  c:\인공지능\8주차mlp\mlp.h(2): note: 'CMLP' 선언을 참조하십시오.
c:\인공지능\8주차mlp\mlptest.cpp(4): error C2146: 구문 오류: ';'이(가) 'MultiLayer' 식별자 앞에 없습니다.
c:\인공지능\8주차mlp\mlptest.cpp(15): error C2065: 'MultiLayer': 선언되지 않은 식별자입니다.
c:\인공지능\8주차mlp\mlptest.cpp(15): error C2228: '.Create' 왼쪽에는 클래스/구조체/공용 구조체가 있어야 합니다.
  c:\인공지능\8주차mlp\mlptest.cpp(15): note: 'unknown-type' 형식입니다.
c:\인공지능\8주차mlp\mlptest.cpp(21): error C2065: 'MultiLayer': 선언되지 않은 식별자입니다.
c:\인공지능\8주차mlp\mlptest.cpp(21): error C2228: '.LoadWeight' 왼쪽에는 클래스/구조체/공용 구조체가 있어야 합니다.
  c:\인공지능\8주차mlp\mlptest.cpp(21): note: 'unknown-type' 형식입니다.
c:\인공지능\8주차mlp\mlptest.cpp(25): error C2065: 'MultiLayer': 선언되지 않은 식별자입니다.
c:\인공지능\8주차mlp\mlptest.cpp(25): error C2228: '.pInValue' 왼쪽에는 클래스/구조체/공용 구조체가 있어야 합니다.
  c:\인공지능\8주차mlp\mlptest.cpp(25): note: 'unknown-type' 형식입니다.
c:\인공지능\8주차mlp\mlptest.cpp(26): error C2065: 'MultiLayer': 선언되지 않은 식별자입니다.
c:\인공지능\8주차mlp\mlptest.cpp(26): error C2228: '.pInValue' 왼쪽에는 클래스/구조체/공용 구조체가 있어야 합니다.
  c:\인공지능\8주차mlp\mlptest.cpp(26): note: 'unknown-type' 형식입니다.
c:\인공지능\8주차mlp\mlptest.cpp(27): error C2065: 'MultiLayer': 선언되지 않은 식별자입니다.
c:\인공지능\8주차mlp\mlptest.cpp(27): error C2228: '.pInValue' 왼쪽에는 클래스/구조체/공용 구조체가 있어야 합니다.
  c:\인공지능\8주차mlp\mlptest.cpp(27): note: 'unknown-type' 형식입니다.
c:\인공지능\8주차mlp\mlptest.cpp(29): error C2065: 'MultiLayer': 선언되지 않은 식별자입니다.
c:\인공지능\8주차mlp\mlptest.cpp(29): error C2228: '.forward' 왼쪽에는 클래스/구조체/공용 구조체가 있어야 합니다.
  c:\인공지능\8주차mlp\mlptest.cpp(29): note: 'unknown-type' 형식입니다.
c:\인공지능\8주차mlp\mlptest.cpp(31): error C2065: 'MultiLayer': 선언되지 않은 식별자입니다.
c:\인공지능\8주차mlp\mlptest.cpp(31): error C2228: '.pInValue' 왼쪽에는 클래스/구조체/공용 구조체가 있어야 합니다.
  c:\인공지능\8주차mlp\mlptest.cpp(31): note: 'unknown-type' 형식입니다.
c:\인공지능\8주차mlp\mlptest.cpp(32): error C2065: 'MultiLayer': 선언되지 않은 식별자입니다.
c:\인공지능\8주차mlp\mlptest.cpp(32): error C2228: '.pOutValue' 왼쪽에는 클래스/구조체/공용 구조체가 있어야 합니다.
  c:\인공지능\8주차mlp\mlptest.cpp(32): note: 'unknown-type' 형식입니다.
c:\인공지능\8주차mlp\mlptest.cpp(42): error C2065: 'MultiLayer': 선언되지 않은 식별자입니다.
c:\인공지능\8주차mlp\mlptest.cpp(42): error C2228: '.pInValue' 왼쪽에는 클래스/구조체/공용 구조체가 있어야 합니다.
  c:\인공지능\8주차mlp\mlptest.cpp(42): note: 'unknown-type' 형식입니다.
c:\인공지능\8주차mlp\mlptest.cpp(43): error C2065: 'MultiLayer': 선언되지 않은 식별자입니다.
c:\인공지능\8주차mlp\mlptest.cpp(43): error C2228: '.pInValue' 왼쪽에는 클래스/구조체/공용 구조체가 있어야 합니다.
  c:\인공지능\8주차mlp\mlptest.cpp(43): note: 'unknown-type' 형식입니다.
c:\인공지능\8주차mlp\mlptest.cpp(44): error C2065: 'MultiLayer': 선언되지 않은 식별자입니다.
c:\인공지능\8주차mlp\mlptest.cpp(44): error C2228: '.pInValue' 왼쪽에는 클래스/구조체/공용 구조체가 있어야 합니다.
  c:\인공지능\8주차mlp\mlptest.cpp(44): note: 'unknown-type' 형식입니다.
c:\인공지능\8주차mlp\mlptest.cpp(45): error C2065: 'MultiLayer': 선언되지 않은 식별자입니다.
c:\인공지능\8주차mlp\mlptest.cpp(45): error C2228: '.pCorrectOutValue' 왼쪽에는 클래스/구조체/공용 구조체가 있어야 합니다.
  c:\인공지능\8주차mlp\mlptest.cpp(45): note: 'unknown-type' 형식입니다.
c:\인공지능\8주차mlp\mlptest.cpp(47): error C2065: 'MultiLayer': 선언되지 않은 식별자입니다.
c:\인공지능\8주차mlp\mlptest.cpp(47): error C2228: '.forward' 왼쪽에는 클래스/구조체/공용 구조체가 있어야 합니다.
  c:\인공지능\8주차mlp\mlptest.cpp(47): note: 'unknown-type' 형식입니다.
c:\인공지능\8주차mlp\mlptest.cpp(49): error C2065: 'MultiLayer': 선언되지 않은 식별자입니다.
c:\인공지능\8주차mlp\mlptest.cpp(49): error C2228: '.pCorrectOutValue' 왼쪽에는 클래스/구조체/공용 구조체가 있어야 합니다.
  c:\인공지능\8주차mlp\mlptest.cpp(49): note: 'unknown-type' 형식입니다.
c:\인공지능\8주차mlp\mlptest.cpp(49): error C2228: '.pOutValue' 왼쪽에는 클래스/구조체/공용 구조체가 있어야 합니다.
  c:\인공지능\8주차mlp\mlptest.cpp(49): note: 'unknown-type' 형식입니다.
c:\인공지능\8주차mlp\mlptest.cpp(51): error C2065: 'MultiLayer': 선언되지 않은 식별자입니다.
c:\인공지능\8주차mlp\mlptest.cpp(51): error C2228: '.BackPropagationLearning' 왼쪽에는 클래스/구조체/공용 구조체가 있어야 합니다.
  c:\인공지능\8주차mlp\mlptest.cpp(51): note: 'unknown-type' 형식입니다.
c:\인공지능\8주차mlp\mlptest.cpp(57): error C2065: 'MultiLayer': 선언되지 않은 식별자입니다.
c:\인공지능\8주차mlp\mlptest.cpp(57): error C2228: '.SaveWeight' 왼쪽에는 클래스/구조체/공용 구조체가 있어야 합니다.
  c:\인공지능\8주차mlp\mlptest.cpp(57): note: 'unknown-type' 형식입니다.
c:\인공지능\8주차mlp\mlptest.cpp(61): error C2065: 'MultiLayer': 선언되지 않은 식별자입니다.
c:\인공지능\8주차mlp\mlptest.cpp(61): error C2228: '.pInValue' 왼쪽에는 클래스/구조체/공용 구조체가 있어야 합니다.
  c:\인공지능\8주차mlp\mlptest.cpp(61): note: 'unknown-type' 형식입니다.
c:\인공지능\8주차mlp\mlptest.cpp(62): error C2065: 'MultiLayer': 선언되지 않은 식별자입니다.
c:\인공지능\8주차mlp\mlptest.cpp(62): error C2228: '.pInValue' 왼쪽에는 클래스/구조체/공용 구조체가 있어야 합니다.
  c:\인공지능\8주차mlp\mlptest.cpp(62): note: 'unknown-type' 형식입니다.
c:\인공지능\8주차mlp\mlptest.cpp(63): error C2065: 'MultiLayer': 선언되지 않은 식별자입니다.
c:\인공지능\8주차mlp\mlptest.cpp(63): error C2228: '.pInValue' 왼쪽에는 클래스/구조체/공용 구조체가 있어야 합니다.
  c:\인공지능\8주차mlp\mlptest.cpp(63): note: 'unknown-type' 형식입니다.
c:\인공지능\8주차mlp\mlptest.cpp(65): error C2065: 'MultiLayer': 선언되지 않은 식별자입니다.
c:\인공지능\8주차mlp\mlptest.cpp(65): error C2228: '.forward' 왼쪽에는 클래스/구조체/공용 구조체가 있어야 합니다.
  c:\인공지능\8주차mlp\mlptest.cpp(65): note: 'unknown-type' 형식입니다.
c:\인공지능\8주차mlp\mlptest.cpp(67): error C2065: 'MultiLayer': 선언되지 않은 식별자입니다.
c:\인공지능\8주차mlp\mlptest.cpp(67): error C2228: '.pInValue' 왼쪽에는 클래스/구조체/공용 구조체가 있어야 합니다.
  c:\인공지능\8주차mlp\mlptest.cpp(67): note: 'unknown-type' 형식입니다.
c:\인공지능\8주차mlp\mlptest.cpp(68): error C2065: 'MultiLayer': 선언되지 않은 식별자입니다.
c:\인공지능\8주차mlp\mlptest.cpp(68): error C2228: '.pOutValue' 왼쪽에는 클래스/구조체/공용 구조체가 있어야 합니다.
  c:\인공지능\8주차mlp\mlptest.cpp(68): note: 'unknown-type' 형식입니다.
c:\인공지능\8주차mlp\mlptest.cpp(31): warning C4473: 'printf': 서식 문자열에 대한 인수가 충분하게 전달되지 않았습니다.
  c:\인공지능\8주차mlp\mlptest.cpp(31): note: 자리 표시자 및 해당 매개 변수에는 variadic 인수가 5개 필요하지만 1개가 제공되었습니다.
  c:\인공지능\8주차mlp\mlptest.cpp(31): note: 누락된 variadic 인수 2이(가) 서식 문자열 '%lf'에 필요합니다.
c:\인공지능\8주차mlp\mlptest.cpp(67): warning C4473: 'printf': 서식 문자열에 대한 인수가 충분하게 전달되지 않았습니다.
  c:\인공지능\8주차mlp\mlptest.cpp(67): note: 자리 표시자 및 해당 매개 변수에는 variadic 인수가 5개 필요하지만 1개가 제공되었습니다.
  c:\인공지능\8주차mlp\mlptest.cpp(67): note: 누락된 variadic 인수 2이(가) 서식 문자열 '%lf'에 필요합니다.
  MLP.cpp
c:\인공지능\8주차mlp\mlp.h(2): error C4430: 형식 지정자가 없습니다. int로 가정합니다. 참고: C++에서는 기본 int를 지원하지 않습니다.
c:\인공지능\8주차mlp\mlp.h(3): error C2588: '::~CMLP': 잘못된 전역 소멸자입니다.
c:\인공지능\8주차mlp\mlp.h(3): error C4430: 형식 지정자가 없습니다. int로 가정합니다. 참고: C++에서는 기본 int를 지원하지 않습니다.
c:\인공지능\8주차mlp\mlp.h(8): error C2065: 'MAXLAYER': 선언되지 않은 식별자입니다.
c:\인공지능\8주차mlp\mlp.h(9): error C2065: 'MAXLAYER': 선언되지 않은 식별자입니다.
c:\인공지능\8주차mlp\mlp.h(19): error C2059: 구문 오류: 'private'
c:\인공지능\8주차mlp\mlp.h(22): error C2059: 구문 오류: 'public'
c:\인공지능\8주차mlp\mlp.h(27): error C2059: 구문 오류: '}'
c:\인공지능\8주차mlp\mlp.h(27): error C2143: 구문 오류: ';'이(가) '}' 앞에 없습니다.
c:\인공지능\8주차mlp\mlp.cpp(9): error C2653: 'CMLP': 클래스 또는 네임스페이스 이름이 아닙니다.
c:\인공지능\8주차mlp\mlp.cpp(10): error C4430: 형식 지정자가 없습니다. int로 가정합니다. 참고: C++에서는 기본 int를 지원하지 않습니다.
c:\인공지능\8주차mlp\mlp.cpp(12): error C2550: 'CMLP': 생성자 이니셜라이저 목록은 생성자 정의에만 사용할 수 있습니다.
c:\인공지능\8주차mlp\mlp.cpp(16): error C2065: 'MAXLAYER': 선언되지 않은 식별자입니다.
c:\인공지능\8주차mlp\mlp.cpp(20): warning C4508: 'CMLP': 함수는 값을 반환해야 하므로 'void' 반환 형식으로 간주됩니다.
c:\인공지능\8주차mlp\mlp.cpp(23): error C2653: 'CMLP': 클래스 또는 네임스페이스 이름이 아닙니다.
c:\인공지능\8주차mlp\mlp.cpp(24): error C4430: 형식 지정자가 없습니다. int로 가정합니다. 참고: C++에서는 기본 int를 지원하지 않습니다.
c:\인공지능\8주차mlp\mlp.cpp(24): error C2084: 'int CMLP(void)' 함수에 이미 본문이 있습니다.
  c:\인공지능\8주차mlp\mlp.cpp(9): note: 'CMLP'의 이전 정의를 참조하십시오.
c:\인공지능\8주차mlp\mlp.cpp(33): error C2065: 'MAXLAYER': 선언되지 않은 식별자입니다.
c:\인공지능\8주차mlp\mlp.cpp(53): error C2653: 'CMLP': 클래스 또는 네임스페이스 이름이 아닙니다.
c:\인공지능\8주차mlp\mlp.cpp(83): error C2065: 'pInValue': 선언되지 않은 식별자입니다.
c:\인공지능\8주차mlp\mlp.cpp(93): error C2653: 'CMLP': 클래스 또는 네임스페이스 이름이 아닙니다.
c:\인공지능\8주차mlp\mlp.cpp(97): warning C4244: '인수': 'time_t'에서 'unsigned int'(으)로 변환하면서 데이터가 손실될 수 있습니다.
c:\인공지능\8주차mlp\mlp.cpp(112): error C2653: 'CMLP': 클래스 또는 네임스페이스 이름이 아닙니다.
c:\인공지능\8주차mlp\mlp.cpp(135): error C2653: 'CMLP': 클래스 또는 네임스페이스 이름이 아닙니다.
c:\인공지능\8주차mlp\mlp.cpp(145): error C2653: 'CMLP': 클래스 또는 네임스페이스 이름이 아닙니다.
c:\인공지능\8주차mlp\mlp.cpp(187): error C2065: 'LEARNING_RATE': 선언되지 않은 식별자입니다.
c:\인공지능\8주차mlp\mlp.cpp(189): error C2065: 'LEARNING_RATE': 선언되지 않은 식별자입니다.
c:\인공지능\8주차mlp\mlp.cpp(197): error C2653: 'CMLP': 클래스 또는 네임스페이스 이름이 아닙니다.
c:\인공지능\8주차mlp\mlp.cpp(201): error C4996: 'fopen': This function or variable may be unsafe. Consider using fopen_s instead. To disable deprecation, use _CRT_SECURE_NO_WARNINGS. See online help for details.
  c:\program files (x86)\windows kits\10\include\10.0.10240.0\ucrt\stdio.h(205): note: 'fopen' 선언을 참조하십시오.
c:\인공지능\8주차mlp\mlp.cpp(234): error C2653: 'CMLP': 클래스 또는 네임스페이스 이름이 아닙니다.
c:\인공지능\8주차mlp\mlp.cpp(238): error C4996: 'fopen': This function or variable may be unsafe. Consider using fopen_s instead. To disable deprecation, use _CRT_SECURE_NO_WARNINGS. See online help for details.
  c:\program files (x86)\windows kits\10\include\10.0.10240.0\ucrt\stdio.h(205): note: 'fopen' 선언을 참조하십시오.
c:\인공지능\8주차mlp\mlp.cpp(244): error C4996: 'fscanf': This function or variable may be unsafe. Consider using fscanf_s instead. To disable deprecation, use _CRT_SECURE_NO_WARNINGS. See online help for details.
  c:\program files (x86)\windows kits\10\include\10.0.10240.0\ucrt\stdio.h(1193): note: 'fscanf' 선언을 참조하십시오.
c:\인공지능\8주차mlp\mlp.cpp(247): error C4996: 'fscanf': This function or variable may be unsafe. Consider using fscanf_s instead. To disable deprecation, use _CRT_SECURE_NO_WARNINGS. See online help for details.
  c:\program files (x86)\windows kits\10\include\10.0.10240.0\ucrt\stdio.h(1193): note: 'fscanf' 선언을 참조하십시오.
c:\인공지능\8주차mlp\mlp.cpp(257): error C4996: 'fscanf': This function or variable may be unsafe. Consider using fscanf_s instead. To disable deprecation, use _CRT_SECURE_NO_WARNINGS. See online help for details.
  c:\program files (x86)\windows kits\10\include\10.0.10240.0\ucrt\stdio.h(1193): note: 'fscanf' 선언을 참조하십시오.
c:\인공지능\8주차mlp\mlp.cpp(259): error C4996: 'fscanf': This function or variable may be unsafe. Consider using fscanf_s instead. To disable deprecation, use _CRT_SECURE_NO_WARNINGS. See online help for details.
  c:\program files (x86)\windows kits\10\include\10.0.10240.0\ucrt\stdio.h(1193): note: 'fscanf' 선언을 참조하십시오.
  코드를 생성하고 있습니다...
